<?xml version="1.0" encoding="UTF-8"?>
<!-- Generated by org.testng.reporters.JUnitReportReporter -->
<testsuite hostname="CHN-REN-CHILAL" failures="0" tests="1" name="runners.TestRunner" time="5.686" errors="0" timestamp="2023-09-05T14:57:51 IST" skipped="0">
  <testcase classname="runners.TestRunner" name="runScenario" time="5.686"/>
  <system-out/>
</testsuite> <!-- runners.TestRunner -->
